

Started GET "/clientes/new" for 127.0.0.1 at Wed May 25 12:40:27 -0300 2011
  Processing by ClientesController#new as HTML
Completed   in 5ms

ActiveRecord::StatementInvalid (Could not find table 'clientes'):
  app/controllers/clientes_controller.rb:27:in `new'
  app/controllers/clientes_controller.rb:27:in `new'

Rendered /home/alex/.rvm/gems/ruby-1.8.7-p334/gems/actionpack-3.0.7/lib/action_dispatch/middleware/templates/rescues/_trace.erb (1.3ms)
Rendered /home/alex/.rvm/gems/ruby-1.8.7-p334/gems/actionpack-3.0.7/lib/action_dispatch/middleware/templates/rescues/_request_and_response.erb (4.2ms)
Rendered /home/alex/.rvm/gems/ruby-1.8.7-p334/gems/actionpack-3.0.7/lib/action_dispatch/middleware/templates/rescues/diagnostics.erb within rescues/layout (10.3ms)
  [1m[36mSQL (0.4ms)[0m  [1m SELECT name
 FROM sqlite_master
 WHERE type = 'table' AND NOT name = 'sqlite_sequence'
[0m
  [1m[35mSQL (0.1ms)[0m  select sqlite_version(*)
  [1m[36mSQL (141.4ms)[0m  [1mCREATE TABLE "schema_migrations" ("version" varchar(255) NOT NULL) [0m
  [1m[35mSQL (0.1ms)[0m  PRAGMA index_list("schema_migrations")
  [1m[36mSQL (92.2ms)[0m  [1mCREATE UNIQUE INDEX "unique_schema_migrations" ON "schema_migrations" ("version")[0m
  [1m[35mSQL (0.3ms)[0m   SELECT name
 FROM sqlite_master
 WHERE type = 'table' AND NOT name = 'sqlite_sequence'
  [1m[36mSQL (0.2ms)[0m  [1m SELECT name
 FROM sqlite_master
 WHERE type = 'table' AND NOT name = 'sqlite_sequence'
[0m
  [1m[35mSQL (0.1ms)[0m  SELECT "schema_migrations"."version" FROM "schema_migrations"
Migrating to CreateClientes (20110525153537)
  [1m[36mSQL (0.7ms)[0m  [1mCREATE TABLE "clientes" ("id" INTEGER PRIMARY KEY AUTOINCREMENT NOT NULL, "cpf" varchar(255), "nome" varchar(255), "data_nascimento" date, "cep" varchar(255), "complemento" varchar(255), "ddd" varchar(255), "telefone" varchar(255), "email" varchar(255), "created_at" datetime, "updated_at" datetime) [0m
  [1m[35mSQL (0.2ms)[0m  INSERT INTO "schema_migrations" ("version") VALUES ('20110525153537')
Migrating to CreateC2s (20110525154825)
  [1m[36mSQL (0.4ms)[0m  [1mCREATE TABLE "c2s" ("id" INTEGER PRIMARY KEY AUTOINCREMENT NOT NULL, "created_at" datetime, "updated_at" datetime) [0m
  [1m[35mSQL (0.1ms)[0m  INSERT INTO "schema_migrations" ("version") VALUES ('20110525154825')
  [1m[36mSQL (0.3ms)[0m  [1m SELECT name
 FROM sqlite_master
 WHERE type = 'table' AND NOT name = 'sqlite_sequence'
[0m
  [1m[35mSQL (0.2ms)[0m  SELECT "schema_migrations"."version" FROM "schema_migrations"
  [1m[36mSQL (0.2ms)[0m  [1m SELECT name
 FROM sqlite_master
 WHERE type = 'table' AND NOT name = 'sqlite_sequence'
[0m
  [1m[35mSQL (0.1ms)[0m  PRAGMA index_list("c2s")
  [1m[36mSQL (0.1ms)[0m  [1mPRAGMA index_list("clientes")[0m


Started GET "/clientes/list" for 127.0.0.1 at Thu May 26 14:20:32 -0300 2011
  Processing by ClientesController#show as HTML
  Parameters: {"id"=>"list"}
  [1m[36mSQL (0.7ms)[0m  [1m SELECT name
 FROM sqlite_master
 WHERE type = 'table' AND NOT name = 'sqlite_sequence'
[0m
  [1m[35mCliente Load (0.2ms)[0m  SELECT "clientes".* FROM "clientes" WHERE "clientes"."id" = 0 LIMIT 1
Completed   in 139ms

ActiveRecord::RecordNotFound (Couldn't find Cliente with ID=list):
  app/controllers/clientes_controller.rb:16:in `show'

Rendered /home/alex/.rvm/gems/ruby-1.8.7-p334/gems/actionpack-3.0.7/lib/action_dispatch/middleware/templates/rescues/_trace.erb (1.4ms)
Rendered /home/alex/.rvm/gems/ruby-1.8.7-p334/gems/actionpack-3.0.7/lib/action_dispatch/middleware/templates/rescues/_request_and_response.erb (4.6ms)
Rendered /home/alex/.rvm/gems/ruby-1.8.7-p334/gems/actionpack-3.0.7/lib/action_dispatch/middleware/templates/rescues/diagnostics.erb within rescues/layout (10.8ms)


Started GET "/clientes/" for 127.0.0.1 at Thu May 26 14:20:34 -0300 2011
  Processing by ClientesController#index as HTML
  [1m[36mCliente Load (0.2ms)[0m  [1mSELECT "clientes".* FROM "clientes"[0m
Rendered clientes/index.html.erb within layouts/application (3.8ms)
Completed 200 OK in 67ms (Views: 61.3ms | ActiveRecord: 1.1ms)


Started GET "/clientes/new" for 127.0.0.1 at Thu May 26 14:20:38 -0300 2011
  Processing by ClientesController#new as HTML
Rendered clientes/_form.html.erb (168.8ms)
Rendered clientes/new.html.erb within layouts/application (173.4ms)
Completed 200 OK in 198ms (Views: 192.1ms | ActiveRecord: 0.0ms)


Started POST "/clientes" for 127.0.0.1 at Thu May 26 14:20:59 -0300 2011
  Processing by ClientesController#create as HTML
  Parameters: {"commit"=>"Create Cliente", "authenticity_token"=>"Yxf0g8NS4/t4bSgJobI6IFC4m9PwaAWc5kncEE895gQ=", "utf8"=>"✓", "cliente"=>{"complemento"=>"1", "telefone"=>"12u23", "data_nascimento(1i)"=>"2011", "cpf"=>"11111111", "nome"=>"Alex", "data_nascimento(2i)"=>"5", "cep"=>"123123", "data_nascimento(3i)"=>"26", "ddd"=>"11", "email"=>"abgrilo@gmail.com"}}
  [1m[35mAREL (0.5ms)[0m  INSERT INTO "clientes" ("nome", "cep", "email", "telefone", "updated_at", "data_nascimento", "ddd", "created_at", "cpf", "complemento") VALUES ('Alex', '123123', 'abgrilo@gmail.com', '12u23', '2011-05-26 17:20:59.737526', '2011-05-26', '11', '2011-05-26 17:20:59.737526', '11111111', '1')
Redirected to http://localhost:3000/clientes/1
Completed 302 Found in 129ms


Started GET "/clientes/1" for 127.0.0.1 at Thu May 26 14:20:59 -0300 2011
  Processing by ClientesController#show as HTML
  Parameters: {"id"=>"1"}
  [1m[36mCliente Load (0.2ms)[0m  [1mSELECT "clientes".* FROM "clientes" WHERE "clientes"."id" = 1 LIMIT 1[0m
Rendered clientes/show.html.erb within layouts/application (14.6ms)
Completed 200 OK in 93ms (Views: 35.8ms | ActiveRecord: 0.2ms)


Started GET "/clientes" for 127.0.0.1 at Thu May 26 14:21:02 -0300 2011
  Processing by ClientesController#index as HTML
  [1m[35mCliente Load (0.5ms)[0m  SELECT "clientes".* FROM "clientes"
Rendered clientes/index.html.erb within layouts/application (17.2ms)
Completed 200 OK in 29ms (Views: 22.2ms | ActiveRecord: 0.5ms)


Started GET "/clientes/1" for 127.0.0.1 at Thu May 26 14:21:05 -0300 2011
  Processing by ClientesController#show as HTML
  Parameters: {"id"=>"1"}
  [1m[36mCliente Load (0.2ms)[0m  [1mSELECT "clientes".* FROM "clientes" WHERE "clientes"."id" = 1 LIMIT 1[0m
Rendered clientes/show.html.erb within layouts/application (13.0ms)
Completed 200 OK in 27ms (Views: 17.5ms | ActiveRecord: 0.2ms)


Started GET "/clientes/1/edit" for 127.0.0.1 at Thu May 26 14:21:07 -0300 2011
  Processing by ClientesController#edit as HTML
  Parameters: {"id"=>"1"}
  [1m[35mCliente Load (0.2ms)[0m  SELECT "clientes".* FROM "clientes" WHERE "clientes"."id" = 1 LIMIT 1
Rendered clientes/_form.html.erb (24.7ms)
Rendered clientes/edit.html.erb within layouts/application (29.3ms)
Completed 200 OK in 104ms (Views: 46.8ms | ActiveRecord: 0.2ms)


Started GET "/clientes" for 127.0.0.1 at Thu May 26 14:27:41 -0300 2011

ActionController::RoutingError (undefined method `web_service_scaffold' for ClientesController:Class):
  app/controllers/clientes_controller.rb:84

Rendered /home/alex/.rvm/gems/ruby-1.8.7-p334/gems/actionpack-3.0.7/lib/action_dispatch/middleware/templates/rescues/routing_error.erb within rescues/layout (0.9ms)


Started GET "/clientes/" for 127.0.0.1 at Thu May 26 14:57:17 -0300 2011
  Processing by ClientesController#index as HTML
  [1m[36mCliente Load (0.7ms)[0m  [1mSELECT "clientes".* FROM "clientes"[0m
Rendered clientes/index.html.erb within layouts/application (20.6ms)
Completed 200 OK in 55ms (Views: 25.6ms | ActiveRecord: 0.7ms)


Started GET "/clientes/1" for 127.0.0.1 at Thu May 26 14:57:19 -0300 2011
  Processing by ClientesController#show as HTML
  Parameters: {"id"=>"1"}
  [1m[35mSQL (0.2ms)[0m   SELECT name
 FROM sqlite_master
 WHERE type = 'table' AND NOT name = 'sqlite_sequence'
Completed   in 7ms
  [1m[36mSQL (0.4ms)[0m  [1m SELECT name
 FROM sqlite_master
 WHERE type = 'table' AND NOT name = 'sqlite_sequence'
[0m

NoMethodError (undefined method `find_by_id_or_cpf' for #<Class:0xb68230c8>):
  app/controllers/clientes_controller.rb:16:in `show'

  [1m[35mSQL (0.2ms)[0m   SELECT name
 FROM sqlite_master
 WHERE type = 'table' AND NOT name = 'sqlite_sequence'
Rendered /home/alex/.rvm/gems/ruby-1.8.7-p334/gems/actionpack-3.0.7/lib/action_dispatch/middleware/templates/rescues/_trace.erb (1.3ms)
Rendered /home/alex/.rvm/gems/ruby-1.8.7-p334/gems/actionpack-3.0.7/lib/action_dispatch/middleware/templates/rescues/_request_and_response.erb (52.7ms)
Rendered /home/alex/.rvm/gems/ruby-1.8.7-p334/gems/actionpack-3.0.7/lib/action_dispatch/middleware/templates/rescues/diagnostics.erb within rescues/layout (59.1ms)


Started GET "/clientes" for 127.0.0.1 at Thu May 26 15:00:31 -0300 2011
  Processing by ClientesController#index as HTML
  [1m[36mCliente Load (0.5ms)[0m  [1mSELECT "clientes".* FROM "clientes"[0m
Rendered clientes/index.html.erb within layouts/application (15.5ms)
Completed 200 OK in 26ms (Views: 20.2ms | ActiveRecord: 0.5ms)


Started GET "/clientes/1" for 127.0.0.1 at Thu May 26 15:00:33 -0300 2011
  Processing by ClientesController#show as HTML
  Parameters: {"id"=>"1"}
  [1m[35mSQL (0.5ms)[0m   SELECT name
 FROM sqlite_master
 WHERE type = 'table' AND NOT name = 'sqlite_sequence'
  [1m[36mCliente Load (0.3ms)[0m  [1mSELECT "clientes".* FROM "clientes" WHERE "clientes"."cpf" = '1'[0m
Rendered clientes/show.html.erb within layouts/application (9.2ms)
Completed   in 55ms

ActionView::Template::Error (undefined method `cpf' for []:ActiveRecord::Relation):
    2: 
    3: <p>
    4:   <b>Cpf:</b>
    5:   <%= @cliente.cpf %>
    6: </p>
    7: 
    8: <p>
  app/views/clientes/show.html.erb:5:in `_app_views_clientes_show_html_erb__9881971__616582398_0'
  app/controllers/clientes_controller.rb:18:in `show'

Rendered /home/alex/.rvm/gems/ruby-1.8.7-p334/gems/actionpack-3.0.7/lib/action_dispatch/middleware/templates/rescues/_trace.erb (1.5ms)
Rendered /home/alex/.rvm/gems/ruby-1.8.7-p334/gems/actionpack-3.0.7/lib/action_dispatch/middleware/templates/rescues/_request_and_response.erb (6.1ms)
Rendered /home/alex/.rvm/gems/ruby-1.8.7-p334/gems/actionpack-3.0.7/lib/action_dispatch/middleware/templates/rescues/template_error.erb within rescues/layout (12.3ms)
  [1m[36mSQL (0.6ms)[0m  [1m SELECT name
 FROM sqlite_master
 WHERE type = 'table' AND NOT name = 'sqlite_sequence'
[0m
  [1m[35mCliente Load (0.2ms)[0m  SELECT "clientes".* FROM "clientes" WHERE "clientes"."cpf" = '1'


Started GET "/clientes/1" for 127.0.0.1 at Thu May 26 15:03:34 -0300 2011
  Processing by ClientesController#show as HTML
  Parameters: {"id"=>"1"}
  [1m[35mCliente Load (0.3ms)[0m  SELECT "clientes".* FROM "clientes" WHERE "clientes"."id" = 1
Rendered clientes/show.html.erb within layouts/application (13.8ms)
Completed   in 25ms

ActionView::Template::Error (undefined method `cpf' for #<ActiveRecord::Relation:0xb689da6c>):
    2: 
    3: <p>
    4:   <b>Cpf:</b>
    5:   <%= @cliente.cpf %>
    6: </p>
    7: 
    8: <p>
  app/views/clientes/show.html.erb:5:in `_app_views_clientes_show_html_erb__9881971__616250748_0'
  app/controllers/clientes_controller.rb:18:in `show'

Rendered /home/alex/.rvm/gems/ruby-1.8.7-p334/gems/actionpack-3.0.7/lib/action_dispatch/middleware/templates/rescues/_trace.erb (1.4ms)
Rendered /home/alex/.rvm/gems/ruby-1.8.7-p334/gems/actionpack-3.0.7/lib/action_dispatch/middleware/templates/rescues/_request_and_response.erb (6.2ms)
Rendered /home/alex/.rvm/gems/ruby-1.8.7-p334/gems/actionpack-3.0.7/lib/action_dispatch/middleware/templates/rescues/template_error.erb within rescues/layout (12.5ms)


Started GET "/clientes/1" for 127.0.0.1 at Thu May 26 15:04:32 -0300 2011
  Processing by ClientesController#show as HTML
  Parameters: {"id"=>"1"}
  [1m[36mSQL (0.2ms)[0m  [1mSELECT COUNT(*) FROM "clientes" WHERE "clientes"."cpf" = '1'[0m
Rendered clientes/show.html.erb within layouts/application (1.2ms)
Completed   in 60ms

ActionView::Template::Error (undefined method `cpf' for nil:NilClass):
    2: 
    3: <p>
    4:   <b>Cpf:</b>
    5:   <%= @cliente.cpf %>
    6: </p>
    7: 
    8: <p>
  app/views/clientes/show.html.erb:5:in `_app_views_clientes_show_html_erb__9881971__616031778_0'
  app/controllers/clientes_controller.rb:20:in `show'

Rendered /home/alex/.rvm/gems/ruby-1.8.7-p334/gems/actionpack-3.0.7/lib/action_dispatch/middleware/templates/rescues/_trace.erb (1.4ms)
Rendered /home/alex/.rvm/gems/ruby-1.8.7-p334/gems/actionpack-3.0.7/lib/action_dispatch/middleware/templates/rescues/_request_and_response.erb (6.4ms)
Rendered /home/alex/.rvm/gems/ruby-1.8.7-p334/gems/actionpack-3.0.7/lib/action_dispatch/middleware/templates/rescues/template_error.erb within rescues/layout (12.4ms)


Started GET "/clientes/1" for 127.0.0.1 at Thu May 26 15:04:32 -0300 2011
  Processing by ClientesController#show as HTML
  Parameters: {"id"=>"1"}
  [1m[35mSQL (0.2ms)[0m  SELECT COUNT(*) FROM "clientes" WHERE "clientes"."cpf" = '1'
Rendered clientes/show.html.erb within layouts/application (1.0ms)
Completed   in 13ms

ActionView::Template::Error (undefined method `cpf' for nil:NilClass):
    2: 
    3: <p>
    4:   <b>Cpf:</b>
    5:   <%= @cliente.cpf %>
    6: </p>
    7: 
    8: <p>
  app/views/clientes/show.html.erb:5:in `_app_views_clientes_show_html_erb__9881971__616392248_0'
  app/controllers/clientes_controller.rb:20:in `show'

Rendered /home/alex/.rvm/gems/ruby-1.8.7-p334/gems/actionpack-3.0.7/lib/action_dispatch/middleware/templates/rescues/_trace.erb (1.3ms)
Rendered /home/alex/.rvm/gems/ruby-1.8.7-p334/gems/actionpack-3.0.7/lib/action_dispatch/middleware/templates/rescues/_request_and_response.erb (5.4ms)
Rendered /home/alex/.rvm/gems/ruby-1.8.7-p334/gems/actionpack-3.0.7/lib/action_dispatch/middleware/templates/rescues/template_error.erb within rescues/layout (11.1ms)


Started GET "/clientes" for 127.0.0.1 at Thu May 26 15:06:00 -0300 2011
  Processing by ClientesController#index as HTML
  [1m[36mCliente Load (0.5ms)[0m  [1mSELECT "clientes".* FROM "clientes"[0m
Rendered clientes/index.html.erb within layouts/application (17.3ms)
Completed 200 OK in 28ms (Views: 22.0ms | ActiveRecord: 0.5ms)


Started GET "/clientes/1" for 127.0.0.1 at Thu May 26 15:06:02 -0300 2011
  Processing by ClientesController#show as HTML
  Parameters: {"id"=>"1"}
  [1m[35mSQL (0.2ms)[0m  SELECT COUNT(*) FROM "clientes" WHERE "clientes"."cpf" = '1'
  [1m[36mCliente Load (0.2ms)[0m  [1mSELECT "clientes".* FROM "clientes" WHERE "clientes"."id" = 1 LIMIT 1[0m
Rendered clientes/show.html.erb within layouts/application (12.8ms)
Completed 200 OK in 26ms (Views: 17.5ms | ActiveRecord: 0.4ms)


Started GET "/clientes/11111111" for 127.0.0.1 at Thu May 26 15:06:12 -0300 2011
  Processing by ClientesController#show as HTML
  Parameters: {"id"=>"11111111"}
  [1m[35mSQL (0.2ms)[0m  SELECT COUNT(*) FROM "clientes" WHERE "clientes"."cpf" = '11111111'
  [1m[36mCliente Load (0.2ms)[0m  [1mSELECT "clientes".* FROM "clientes" WHERE "clientes"."cpf" = '11111111'[0m
Rendered clientes/show.html.erb within layouts/application (14.4ms)
Completed 200 OK in 76ms (Views: 19.5ms | ActiveRecord: 0.4ms)


Started GET "/clientes/11111111.xml" for 127.0.0.1 at Thu May 26 15:06:18 -0300 2011
  Processing by ClientesController#show as XML
  Parameters: {"id"=>"11111111"}
  [1m[35mSQL (0.1ms)[0m  SELECT COUNT(*) FROM "clientes" WHERE "clientes"."cpf" = '11111111'
  [1m[36mCliente Load (0.2ms)[0m  [1mSELECT "clientes".* FROM "clientes" WHERE "clientes"."cpf" = '11111111'[0m
Completed 200 OK in 73ms (Views: 65.5ms | ActiveRecord: 0.3ms)
WARNING: Can't mass-assign protected attributes: id
WARNING: Can't mass-assign protected attributes: id
  [1m[36mSQL (0.2ms)[0m  [1m SELECT name
 FROM sqlite_master
 WHERE type = 'table' AND NOT name = 'sqlite_sequence'
[0m
  [1m[35mAREL (7.4ms)[0m  INSERT INTO "clientes" ("telefone", "cep", "nome", "complemento", "email", "cpf", "data_nascimento", "created_at", "updated_at", "ddd") VALUES ('41231234', '1000000', 'Nome', 'N. 10', 'teste@gmail.com', 'abcd', NULL, '2011-06-03 22:57:35.577476', '2011-06-03 22:57:35.577476', '011')
WARNING: Can't mass-assign protected attributes: id
  [1m[36mSQL (0.2ms)[0m  [1m SELECT name
 FROM sqlite_master
 WHERE type = 'table' AND NOT name = 'sqlite_sequence'
[0m
  [1m[35mAREL (0.4ms)[0m  INSERT INTO "clientes" ("telefone", "data_nascimento", "cpf", "updated_at", "ddd", "nome", "complemento", "email", "created_at", "cep") VALUES ('81625584', '1979-10-05', '12345678900', '2011-06-04 21:07:38.229785', '011', 'Richard Keller', 'apto 17', 'richard@gmail.com', '2011-06-04 21:07:38.229785', '78994000')
WARNING: Can't mass-assign protected attributes: id
  [1m[36mAREL (0.4ms)[0m  [1mINSERT INTO "clientes" ("telefone", "data_nascimento", "cpf", "updated_at", "ddd", "nome", "complemento", "email", "created_at", "cep") VALUES ('83843940', NULL, '12345678901', '2011-06-04 21:07:38.482908', '011', 'Alex Bredariol Grilo', 'apto 19', 'alex@gmail.com', '2011-06-04 21:07:38.482908', '78994800')[0m
WARNING: Can't mass-assign protected attributes: id
  [1m[35mAREL (0.4ms)[0m  INSERT INTO "clientes" ("telefone", "data_nascimento", "cpf", "updated_at", "ddd", "nome", "complemento", "email", "created_at", "cep") VALUES ('81499470', NULL, '12345678902', '2011-06-04 21:07:38.560759', '011', 'Bruno Buccolo', 'apto 15', 'bruno@gmail.com', '2011-06-04 21:07:38.560759', '78956000')
WARNING: Can't mass-assign protected attributes: id
  [1m[36mAREL (0.4ms)[0m  [1mINSERT INTO "clientes" ("telefone", "data_nascimento", "cpf", "updated_at", "ddd", "nome", "complemento", "email", "created_at", "cep") VALUES ('89291319', '1973-12-08', '12345678903', '2011-06-04 21:07:38.638363', '011', 'Moacyr Ricardo Pereira', 'apto 33', 'moacyr@gmail.com', '2011-06-04 21:07:38.638363', '78969000')[0m
WARNING: Can't mass-assign protected attributes: id
  [1m[35mAREL (0.4ms)[0m  INSERT INTO "clientes" ("telefone", "data_nascimento", "cpf", "updated_at", "ddd", "nome", "complemento", "email", "created_at", "cep") VALUES ('89342692', NULL, '12345678904', '2011-06-04 21:07:38.716067', '011', 'Douglas Nunes Alves', 'apto 68', 'douglas@gmail.com', '2011-06-04 21:07:38.716067', '78931000')
WARNING: Can't mass-assign protected attributes: id
  [1m[36mAREL (0.4ms)[0m  [1mINSERT INTO "clientes" ("telefone", "data_nascimento", "cpf", "updated_at", "ddd", "nome", "complemento", "email", "created_at", "cep") VALUES ('89247730', '1985-12-03', '12345678905', '2011-06-04 21:07:38.793794', '011', 'Arthur Giro Moreno', 'apto 51', 'arthur@gmail.com', '2011-06-04 21:07:38.793794', '78967800')[0m
WARNING: Can't mass-assign protected attributes: id
  [1m[35mAREL (0.4ms)[0m  INSERT INTO "clientes" ("telefone", "data_nascimento", "cpf", "updated_at", "ddd", "nome", "complemento", "email", "created_at", "cep") VALUES ('89920578', NULL, '12345678906', '2011-06-04 21:07:38.872048', '011', 'Mariana Gasparini', 'apto 30', 'mariana@gmail.com', '2011-06-04 21:07:38.872048', '78999000')
WARNING: Can't mass-assign protected attributes: id
  [1m[36mAREL (0.4ms)[0m  [1mINSERT INTO "clientes" ("telefone", "data_nascimento", "cpf", "updated_at", "ddd", "nome", "complemento", "email", "created_at", "cep") VALUES ('89122811', '1976-06-08', '12345678907', '2011-06-04 21:07:38.949478', '011', 'Gabriela Doce Oliveira', 'apto 69', 'gabriela@gmail.com', '2011-06-04 21:07:38.949478', '78944000')[0m
WARNING: Can't mass-assign protected attributes: id
  [1m[35mAREL (0.4ms)[0m  INSERT INTO "clientes" ("telefone", "data_nascimento", "cpf", "updated_at", "ddd", "nome", "complemento", "email", "created_at", "cep") VALUES ('82203961', '1984-10-09', '12345678908', '2011-06-04 21:07:39.027484', '011', 'Rudolf Keller', 'apto 54', 'rudolf@gmail.com', '2011-06-04 21:07:39.027484', '78976000')
WARNING: Can't mass-assign protected attributes: id
  [1m[36mAREL (0.4ms)[0m  [1mINSERT INTO "clientes" ("telefone", "data_nascimento", "cpf", "updated_at", "ddd", "nome", "complemento", "email", "created_at", "cep") VALUES ('86971648', NULL, '12345678909', '2011-06-04 21:07:39.105505', '011', 'Beatriz Delagnese', 'apto 39', 'beatriz@gmail.com', '2011-06-04 21:07:39.105505', '78967000')[0m
  [1m[36mSQL (0.2ms)[0m  [1mSELECT COUNT(*) FROM "clientes"[0m
  [1m[35mCliente Load (1.2ms)[0m  SELECT "clientes".* FROM "clientes"
  [1m[36mCliente Load (1.2ms)[0m  [1mSELECT "clientes".* FROM "clientes"[0m
  [1m[36mAREL (100.4ms)[0m  [1mDELETE FROM "clientes" WHERE 1=1[0m
WARNING: Can't mass-assign protected attributes: id
  [1m[35mSQL (0.2ms)[0m   SELECT name
 FROM sqlite_master
 WHERE type = 'table' AND NOT name = 'sqlite_sequence'
  [1m[36mAREL (0.3ms)[0m  [1mINSERT INTO "clientes" ("email", "updated_at", "telefone", "complemento", "ddd", "cpf", "cep", "created_at", "nome", "data_nascimento") VALUES ('richard@gmail.com', '2011-06-04 21:10:20.468231', '81625584', 'apto 17', '011', '0', '78994000', '2011-06-04 21:10:20.468231', 'Richard Keller', '1979-10-05')[0m
WARNING: Can't mass-assign protected attributes: id
  [1m[35mAREL (0.4ms)[0m  INSERT INTO "clientes" ("email", "updated_at", "telefone", "complemento", "ddd", "cpf", "cep", "created_at", "nome", "data_nascimento") VALUES ('alex@gmail.com', '2011-06-04 21:10:20.559750', '83843940', 'apto 19', '011', '1', '78994800', '2011-06-04 21:10:20.559750', 'Alex Bredariol Grilo', NULL)
WARNING: Can't mass-assign protected attributes: id
  [1m[36mAREL (0.4ms)[0m  [1mINSERT INTO "clientes" ("email", "updated_at", "telefone", "complemento", "ddd", "cpf", "cep", "created_at", "nome", "data_nascimento") VALUES ('bruno@gmail.com', '2011-06-04 21:10:20.649709', '81499470', 'apto 15', '011', '2', '78956000', '2011-06-04 21:10:20.649709', 'Bruno Buccolo', NULL)[0m
WARNING: Can't mass-assign protected attributes: id
  [1m[35mAREL (0.4ms)[0m  INSERT INTO "clientes" ("email", "updated_at", "telefone", "complemento", "ddd", "cpf", "cep", "created_at", "nome", "data_nascimento") VALUES ('moacyr@gmail.com', '2011-06-04 21:10:20.727131', '89291319', 'apto 33', '011', '3', '78969000', '2011-06-04 21:10:20.727131', 'Moacyr Ricardo Pereira', '1973-12-08')
WARNING: Can't mass-assign protected attributes: id
  [1m[36mAREL (0.4ms)[0m  [1mINSERT INTO "clientes" ("email", "updated_at", "telefone", "complemento", "ddd", "cpf", "cep", "created_at", "nome", "data_nascimento") VALUES ('douglas@gmail.com', '2011-06-04 21:10:20.816543', '89342692', 'apto 68', '011', '4', '78931000', '2011-06-04 21:10:20.816543', 'Douglas Nunes Alves', NULL)[0m
WARNING: Can't mass-assign protected attributes: id
  [1m[35mAREL (0.4ms)[0m  INSERT INTO "clientes" ("email", "updated_at", "telefone", "complemento", "ddd", "cpf", "cep", "created_at", "nome", "data_nascimento") VALUES ('arthur@gmail.com', '2011-06-04 21:10:20.905127', '89247730', 'apto 51', '011', '5', '78967800', '2011-06-04 21:10:20.905127', 'Arthur Giro Moreno', '1985-12-03')
WARNING: Can't mass-assign protected attributes: id
  [1m[36mAREL (0.4ms)[0m  [1mINSERT INTO "clientes" ("email", "updated_at", "telefone", "complemento", "ddd", "cpf", "cep", "created_at", "nome", "data_nascimento") VALUES ('mariana@gmail.com', '2011-06-04 21:10:20.982957', '89920578', 'apto 30', '011', '6', '78999000', '2011-06-04 21:10:20.982957', 'Mariana Gasparini', NULL)[0m
WARNING: Can't mass-assign protected attributes: id
  [1m[35mAREL (0.4ms)[0m  INSERT INTO "clientes" ("email", "updated_at", "telefone", "complemento", "ddd", "cpf", "cep", "created_at", "nome", "data_nascimento") VALUES ('gabriela@gmail.com', '2011-06-04 21:10:21.072153', '89122811', 'apto 69', '011', '7', '78944000', '2011-06-04 21:10:21.072153', 'Gabriela Doce Oliveira', '1976-06-08')
WARNING: Can't mass-assign protected attributes: id
  [1m[36mAREL (0.4ms)[0m  [1mINSERT INTO "clientes" ("email", "updated_at", "telefone", "complemento", "ddd", "cpf", "cep", "created_at", "nome", "data_nascimento") VALUES ('rudolf@gmail.com', '2011-06-04 21:10:21.149886', '82203961', 'apto 54', '011', '8', '78976000', '2011-06-04 21:10:21.149886', 'Rudolf Keller', '1984-10-09')[0m
WARNING: Can't mass-assign protected attributes: id
  [1m[35mAREL (0.4ms)[0m  INSERT INTO "clientes" ("email", "updated_at", "telefone", "complemento", "ddd", "cpf", "cep", "created_at", "nome", "data_nascimento") VALUES ('beatriz@gmail.com', '2011-06-04 21:10:21.250022', '86971648', 'apto 39', '011', '9', '78967000', '2011-06-04 21:10:21.250022', 'Beatriz Delagnese', NULL)
  [1m[35mCliente Load (1.1ms)[0m  SELECT "clientes".* FROM "clientes"


Started GET "/clientes" for 127.0.0.1 at Sat Jun 04 18:10:56 -0300 2011
  Processing by ClientesController#index as HTML
  [1m[36mCliente Load (1.2ms)[0m  [1mSELECT "clientes".* FROM "clientes"[0m
Rendered clientes/index.html.erb within layouts/application (39.2ms)
Completed 200 OK in 142ms (Views: 69.0ms | ActiveRecord: 1.2ms)


Started GET "/clientes/13" for 127.0.0.1 at Sat Jun 04 18:11:01 -0300 2011
  Processing by ClientesController#show as HTML
  Parameters: {"id"=>"13"}
  [1m[35mSQL (0.3ms)[0m   SELECT name
 FROM sqlite_master
 WHERE type = 'table' AND NOT name = 'sqlite_sequence'
  [1m[36mSQL (0.2ms)[0m  [1mSELECT COUNT(*) FROM "clientes" WHERE "clientes"."cpf" = '13'[0m
  [1m[35mCliente Load (0.2ms)[0m  SELECT "clientes".* FROM "clientes" WHERE "clientes"."id" = 13 LIMIT 1
Rendered clientes/show.html.erb within layouts/application (61.9ms)
Completed 200 OK in 95ms (Views: 66.6ms | ActiveRecord: 0.7ms)


Started GET "/clientes/0" for 127.0.0.1 at Sat Jun 04 18:11:06 -0300 2011
  Processing by ClientesController#show as HTML
  Parameters: {"id"=>"0"}
  [1m[36mSQL (0.2ms)[0m  [1mSELECT COUNT(*) FROM "clientes" WHERE "clientes"."cpf" = '0'[0m
  [1m[35mCliente Load (0.2ms)[0m  SELECT "clientes".* FROM "clientes" WHERE "clientes"."cpf" = '0'
Rendered clientes/show.html.erb within layouts/application (15.3ms)
Completed 200 OK in 27ms (Views: 19.9ms | ActiveRecord: 0.3ms)


Started GET "/clientes/0.xml" for 127.0.0.1 at Sat Jun 04 18:11:11 -0300 2011
  Processing by ClientesController#show as XML
  Parameters: {"id"=>"0"}
  [1m[36mSQL (0.2ms)[0m  [1mSELECT COUNT(*) FROM "clientes" WHERE "clientes"."cpf" = '0'[0m
  [1m[35mCliente Load (0.2ms)[0m  SELECT "clientes".* FROM "clientes" WHERE "clientes"."cpf" = '0'
Completed 200 OK in 73ms (Views: 64.2ms | ActiveRecord: 0.4ms)


Started GET "/clientes/abcd0.xml" for 127.0.0.1 at Sat Jun 04 18:11:14 -0300 2011
  Processing by ClientesController#show as XML
  Parameters: {"id"=>"abcd0"}
  [1m[36mSQL (0.2ms)[0m  [1mSELECT COUNT(*) FROM "clientes" WHERE "clientes"."cpf" = 'abcd0'[0m
  [1m[35mCliente Load (0.2ms)[0m  SELECT "clientes".* FROM "clientes" WHERE "clientes"."id" = 0 LIMIT 1
Completed   in 8ms

ActiveRecord::RecordNotFound (Couldn't find Cliente with ID=abcd0):
  app/controllers/clientes_controller.rb:22:in `show'

Rendered /home/alex/.rvm/gems/ruby-1.8.7-p334/gems/actionpack-3.0.7/lib/action_dispatch/middleware/templates/rescues/_trace.erb (1.2ms)
Rendered /home/alex/.rvm/gems/ruby-1.8.7-p334/gems/actionpack-3.0.7/lib/action_dispatch/middleware/templates/rescues/_request_and_response.erb (5.3ms)
Rendered /home/alex/.rvm/gems/ruby-1.8.7-p334/gems/actionpack-3.0.7/lib/action_dispatch/middleware/templates/rescues/diagnostics.erb within rescues/layout (11.3ms)


Started GET "/clientes/abcd0.xml" for 127.0.0.1 at Sat Jun 04 18:13:12 -0300 2011
  Processing by ClientesController#show as XML
  Parameters: {"id"=>"abcd0"}
  [1m[36mSQL (0.1ms)[0m  [1mSELECT COUNT(*) FROM "clientes" WHERE "clientes"."cpf" = '0'[0m
  [1m[35mCliente Load (0.2ms)[0m  SELECT "clientes".* FROM "clientes" WHERE "clientes"."cpf" = '0'
Completed 200 OK in 18ms (Views: 11.1ms | ActiveRecord: 0.3ms)


Started GET "/clientes/0.xml" for 127.0.0.1 at Sat Jun 04 18:13:21 -0300 2011
  Processing by ClientesController#show as XML
  Parameters: {"id"=>"0"}
  [1m[36mSQL (0.2ms)[0m  [1mSELECT COUNT(*) FROM "clientes" WHERE "clientes"."cpf" = '0'[0m
  [1m[35mCliente Load (0.2ms)[0m  SELECT "clientes".* FROM "clientes" WHERE "clientes"."cpf" = '0'
Completed 200 OK in 21ms (Views: 11.8ms | ActiveRecord: 0.4ms)


Started GET "/clientes/1.xml" for 127.0.0.1 at Sat Jun 04 18:13:24 -0300 2011
  Processing by ClientesController#show as XML
  Parameters: {"id"=>"1"}
  [1m[36mSQL (0.2ms)[0m  [1mSELECT COUNT(*) FROM "clientes" WHERE "clientes"."cpf" = '1'[0m
  [1m[35mCliente Load (0.2ms)[0m  SELECT "clientes".* FROM "clientes" WHERE "clientes"."cpf" = '1'
Completed 200 OK in 18ms (Views: 10.5ms | ActiveRecord: 0.3ms)


Started GET "/clientes/sajdandna1.xml" for 127.0.0.1 at Sat Jun 04 18:13:28 -0300 2011
  Processing by ClientesController#show as XML
  Parameters: {"id"=>"sajdandna1"}
  [1m[36mSQL (0.2ms)[0m  [1mSELECT COUNT(*) FROM "clientes" WHERE "clientes"."cpf" = '1'[0m
  [1m[35mCliente Load (0.2ms)[0m  SELECT "clientes".* FROM "clientes" WHERE "clientes"."cpf" = '1'
Completed 200 OK in 18ms (Views: 10.5ms | ActiveRecord: 0.4ms)
